<?xml version="1.0" encoding="UTF-8"?>
<testsuite name="normalisation.TestPerformance" tests="1" skipped="0" failures="0" errors="0" timestamp="2020-04-15T10:18:17" hostname="kyles-Air" time="5.496">
  <properties/>
  <testcase name="testFingerPrintAlgorithmPerformance" classname="normalisation.TestPerformance" time="5.496"/>
  <system-out><![CDATA[181369
]]></system-out>
  <system-err><![CDATA[]]></system-err>
</testsuite>
