<?xml version="1.0" encoding="UTF-8"?>
<testsuite name="normalisation.TestPerformance" tests="1" skipped="0" failures="0" errors="0" timestamp="2020-04-15T12:47:41" hostname="kyles-Air" time="3.883">
  <properties/>
  <testcase name="testFingerPrintAlgorithmPerformance" classname="normalisation.TestPerformance" time="3.883"/>
  <system-out><![CDATA[135066
]]></system-out>
  <system-err><![CDATA[]]></system-err>
</testsuite>
